43.5253601074 -1.51340389252 0.0306314341724 43.55167393
43.5253601074 -1.51340389252 0.0306314341724 43.55167393
43.5253601074 -1.51340389252 0.0306314341724 43.55167393
43.5253601074 -1.51340389252 0.0306314341724 43.55167393
43.5253601074 -1.51340389252 0.0306314341724 43.55167393
43.5253601074 -1.51340389252 0.0306314341724 43.55167393
43.5253601074 -1.51340389252 0.0306314341724 43.55167393
42.5325279236 -1.47392475605 0.000354894495104 42.5580590004
42.5325279236 -1.47392475605 0.000354894495104 42.5580590004
42.5325279236 -1.47392475605 0.000354894495104 42.5580590004
42.5325279236 -1.47392475605 0.000354894495104 42.5580590004
42.5325279236 -1.47392475605 0.000354894495104 42.5580590004
42.5325279236 -1.47392475605 0.000354894495104 42.5580590004
42.5325279236 -1.47392475605 0.000354894495104 42.5580590004
42.5325279236 -1.47392475605 0.000354894495104 42.5580590004
41.5391235352 -1.49517440796 -0.00197405996732 41.5660237992
39.5616569519 -1.41882669926 -0.0258733518422 39.5870994064
39.5616569519 -1.41882669926 -0.0258733518422 39.5870994064
39.5616569519 -1.41882669926 -0.0258733518422 39.5870994064
39.5616569519 -1.41882669926 -0.0258733518422 39.5870994064
39.5616569519 -1.41882669926 -0.0258733518422 39.5870994064
39.5616569519 -1.41882669926 -0.0258733518422 39.5870994064
39.5616569519 -1.41882669926 -0.0258733518422 39.5870994064
39.5616569519 -1.41882669926 -0.0258733518422 39.5870994064
39.5616569519 -1.41882669926 -0.0258733518422 39.5870994064
38.4959564209 -1.35968434811 0.0179193597287 38.5199652569
38.4959564209 -1.35968434811 0.0179193597287 38.5199652569
38.4959564209 -1.35968434811 0.0179193597287 38.5199652569
38.4959564209 -1.35968434811 0.0179193597287 38.5199652569
38.4959564209 -1.35968434811 0.0179193597287 38.5199652569
38.4959564209 -1.35968434811 0.0179193597287 38.5199652569
38.4959564209 -1.35968434811 0.0179193597287 38.5199652569
38.4959564209 -1.35968434811 0.0179193597287 38.5199652569
38.4959564209 -1.35968434811 0.0179193597287 38.5199652569
38.4959564209 -1.35968434811 0.0179193597287 38.5199652569
38.4959564209 -1.35968434811 0.0179193597287 38.5199652569
37.5514450073 -1.34397900105 0.0301678478718 37.5755001536
37.5514450073 -1.34397900105 0.0301678478718 37.5755001536
37.5514450073 -1.34397900105 0.0301678478718 37.5755001536
37.5514450073 -1.34397900105 0.0301678478718 37.5755001536
37.5514450073 -1.34397900105 0.0301678478718 37.5755001536
37.5514450073 -1.34397900105 0.0301678478718 37.5755001536
37.5514450073 -1.34397900105 0.0301678478718 37.5755001536
37.5514450073 -1.34397900105 0.0301678478718 37.5755001536
37.5514450073 -1.34397900105 0.0301678478718 37.5755001536
37.5514450073 -1.34397900105 0.0301678478718 37.5755001536
30.5645961761 -1.67594015598 0.0021152230911 30.6105099482
30.5645961761 -1.67594015598 0.0021152230911 30.6105099482
30.5645961761 -1.67594015598 0.0021152230911 30.6105099482
30.5645961761 -1.67594015598 0.0021152230911 30.6105099482
30.5645961761 -1.67594015598 0.0021152230911 30.6105099482
30.5645961761 -1.67594015598 0.0021152230911 30.6105099482
30.5645961761 -1.67594015598 0.0021152230911 30.6105099482
30.5645961761 -1.67594015598 0.0021152230911 30.6105099482
30.5645961761 -1.67594015598 0.0021152230911 30.6105099482
29.5229740143 -1.60194289684 0.00171417498495 29.5664035458
29.5229740143 -1.60194289684 0.00171417498495 29.5664035458
29.5229740143 -1.60194289684 0.00171417498495 29.5664035458
29.5229740143 -1.60194289684 0.00171417498495 29.5664035458
29.5229740143 -1.60194289684 0.00171417498495 29.5664035458
29.5229740143 -1.60194289684 0.00171417498495 29.5664035458
29.5229740143 -1.60194289684 0.00171417498495 29.5664035458
28.5267410278 -1.52473044395 0.00865323096514 28.567461061
28.5267410278 -1.52473044395 0.00865323096514 28.567461061
28.5267410278 -1.52473044395 0.00865323096514 28.567461061
28.5267410278 -1.52473044395 0.00865323096514 28.567461061
28.5267410278 -1.52473044395 0.00865323096514 28.567461061
28.5267410278 -1.52473044395 0.00865323096514 28.567461061
28.5267410278 -1.52473044395 0.00865323096514 28.567461061
28.5267410278 -1.52473044395 0.00865323096514 28.567461061
28.5267410278 -1.52473044395 0.00865323096514 28.567461061
28.5267410278 -1.52473044395 0.00865323096514 28.567461061
27.5008068085 -1.44690227509 -0.00141011981759 27.538843536
27.5008068085 -1.44690227509 -0.00141011981759 27.538843536
27.5008068085 -1.44690227509 -0.00141011981759 27.538843536
27.5008068085 -1.44690227509 -0.00141011981759 27.538843536
27.5008068085 -1.44690227509 -0.00141011981759 27.538843536
27.5008068085 -1.44690227509 -0.00141011981759 27.538843536
27.5008068085 -1.44690227509 -0.00141011981759 27.538843536
27.5008068085 -1.44690227509 -0.00141011981759 27.538843536
26.5267086029 -1.44567799568 0.0158924963325 26.5660781212
26.5267086029 -1.44567799568 0.0158924963325 26.5660781212
26.5267086029 -1.44567799568 0.0158924963325 26.5660781212
26.5267086029 -1.44567799568 0.0158924963325 26.5660781212
26.5267086029 -1.44567799568 0.0158924963325 26.5660781212
22.514591217 -1.56710290909 -0.00833037495613 22.5690650802
22.514591217 -1.56710290909 -0.00833037495613 22.5690650802
22.514591217 -1.56710290909 -0.00833037495613 22.5690650802
22.514591217 -1.56710290909 -0.00833037495613 22.5690650802
22.514591217 -1.56710290909 -0.00833037495613 22.5690650802
22.514591217 -1.56710290909 -0.00833037495613 22.5690650802
22.514591217 -1.56710290909 -0.00833037495613 22.5690650802
22.514591217 -1.56710290909 -0.00833037495613 22.5690650802
22.514591217 -1.56710290909 -0.00833037495613 22.5690650802
22.514591217 -1.56710290909 -0.00833037495613 22.5690650802
21.4950237274 -1.52370405197 -0.00359489326365 21.5489612744
21.4950237274 -1.52370405197 -0.00359489326365 21.5489612744
21.4950237274 -1.52370405197 -0.00359489326365 21.5489612744
21.4950237274 -1.52370405197 -0.00359489326365 21.5489612744
21.4950237274 -1.52370405197 -0.00359489326365 21.5489612744
21.4950237274 -1.52370405197 -0.00359489326365 21.5489612744
21.4950237274 -1.52370405197 -0.00359489326365 21.5489612744
21.4950237274 -1.52370405197 -0.00359489326365 21.5489612744
21.4950237274 -1.52370405197 -0.00359489326365 21.5489612744
21.4950237274 -1.52370405197 -0.00359489326365 21.5489612744
20.5509262085 -1.4459939003 0.0239638742059 20.6017484854
20.5509262085 -1.4459939003 0.0239638742059 20.6017484854
18.4752521515 -1.64019465446 0.0243685245514 18.547931809
18.4752521515 -1.64019465446 0.0243685245514 18.547931809
18.4752521515 -1.64019465446 0.0243685245514 18.547931809
18.4752521515 -1.64019465446 0.0243685245514 18.547931809
18.4752521515 -1.64019465446 0.0243685245514 18.547931809
18.4752521515 -1.64019465446 0.0243685245514 18.547931809
18.4752521515 -1.64019465446 0.0243685245514 18.547931809
18.4752521515 -1.64019465446 0.0243685245514 18.547931809
18.4752521515 -1.64019465446 0.0243685245514 18.547931809
18.4752521515 -1.64019465446 0.0243685245514 18.547931809
18.4752521515 -1.64019465446 0.0243685245514 18.547931809
18.4752521515 -1.64019465446 0.0243685245514 18.547931809
18.4752521515 -1.64019465446 0.0243685245514 18.547931809
17.5446720123 -1.59526908398 -0.015846947208 17.6170556733
17.5446720123 -1.59526908398 -0.015846947208 17.6170556733
17.5446720123 -1.59526908398 -0.015846947208 17.6170556733
17.5446720123 -1.59526908398 -0.015846947208 17.6170556733
17.5446720123 -1.59526908398 -0.015846947208 17.6170556733
17.5446720123 -1.59526908398 -0.015846947208 17.6170556733
17.5446720123 -1.59526908398 -0.015846947208 17.6170556733
16.4983119965 -1.77252411842 0.313645780087 16.5962198756
16.4983119965 -1.77252411842 0.313645780087 16.5962198756
15.5324640274 -1.66167974472 0.275684684515 15.6235277829
15.5324640274 -1.66167974472 0.275684684515 15.6235277829
15.5324640274 -1.66167974472 0.275684684515 15.6235277829
15.5324640274 -1.66167974472 0.275684684515 15.6235277829
15.5324640274 -1.66167974472 0.275684684515 15.6235277829
15.5324640274 -1.66167974472 0.275684684515 15.6235277829
15.5324640274 -1.66167974472 0.275684684515 15.6235277829
15.5324640274 -1.66167974472 0.275684684515 15.6235277829
14.5050754547 -1.59506070614 0.272359520197 14.5950543785
14.5050754547 -1.5[ERROR] [WallTime: 1399406600.287792] [48.048000] bad callback: <bound method ColorTracker.callback of <__main__.ColorTracker instance at 0x36c30e0>>
Traceback (most recent call last):
  File "/opt/ros/hydro/lib/python2.7/dist-packages/rospy/topics.py", line 682, in _invoke_callback
    cb(msg)
  File "./vilma_detection_camera_scan.py", line 111, in callback
    if(d[j][i] < 90.0):
IndexError: list index out of range

9506070614 0.272359520197 14.5950543785
14.5050754547 -1.59506070614 0.272359520197 14.5950543785
14.5008649826 -1.82303357124 0.28737911582 14.6178357975
14.5008649826 -1.82303357124 0.28737911582 14.6178357975
14.5008649826 -1.82303357124 0.28737911582 14.6178357975
14.5008649826 -1.82303357124 0.28737911582 14.6178357975
14.5008649826 -1.82303357124 0.28737911582 14.6178357975
14.5008649826 -1.82303357124 0.28737911582 14.6178357975
14.5008649826 -1.82303357124 0.28737911582 14.6178357975
13.5435352325 -1.70556652546 0.235997840762 13.6525455044
13.5435352325 -1.70556652546 0.235997840762 13.6525455044
13.5435352325 -1.70556652546 0.235997840762 13.6525455044
13.5435352325 -1.70556652546 0.235997840762 13.6525455044
13.5435352325 -1.70556652546 0.235997840762 13.6525455044
13.5435352325 -1.70556652546 0.235997840762 13.6525455044
13.5435352325 -1.70556652546 0.235997840762 13.6525455044
13.5435352325 -1.70556652546 0.235997840762 13.6525455044
13.5435352325 -1.70556652546 0.235997840762 13.6525455044
12.522986412 -1.56116724014 0.25636395812 12.6225256707
12.4415187836 -1.76286995411 0.21442642808 12.5676202525
12.4415187836 -1.76286995411 0.21442642808 12.5676202525
12.4415187836 -1.76286995411 0.21442642808 12.5676202525
12.4415187836 -1.76286995411 0.21442642808 12.5676202525
12.4415187836 -1.76286995411 0.21442642808 12.5676202525
12.4415187836 -1.76286995411 0.21442642808 12.5676202525
12.4415187836 -1.76286995411 0.21442642808 12.5676202525
12.4415187836 -1.76286995411 0.21442642808 12.5676202525
12.4415187836 -1.76286995411 0.21442642808 12.5676202525
12.4415187836 -1.76286995411 0.21442642808 12.5676202525
11.5377559662 -1.69249045849 0.176169797778 11.6625628609
11.5377559662 -1.69249045849 0.176169797778 11.6625628609
11.5377559662 -1.69249045849 0.176169797778 11.6625628609
11.5377559662 -1.69249045849 0.176169797778 11.6625628609
11.5377559662 -1.69249045849 0.176169797778 11.6625628609
11.5377559662 -1.69249045849 0.176169797778 11.6625628609
10.4910707474 -1.69832599163 0.207561343908 10.629673481
10.4910707474 -1.69832599163 0.207561343908 10.629673481
10.4910707474 -1.69832599163 0.207561343908 10.629673481
10.4910707474 -1.69832599163 0.207561343908 10.629673481
10.4910707474 -1.69832599163 0.207561343908 10.629673481
10.4910707474 -1.69832599163 0.207561343908 10.629673481
9.49011039734 -1.69114565849 0.157828092575 9.64090652889
9.50768089294 -1.72912037373 0.382892936468 9.67121813577
9.50768089294 -1.72912037373 0.382892936468 9.67121813577
9.50768089294 -1.72912037373 0.382892936468 9.67121813577
9.50768089294 -1.72912037373 0.382892936468 9.67121813577
8.52335548401 -1.69902348518 0.302724897861 8.69631599436
8.52335548401 -1.69902348518 0.302724897861 8.69631599436
8.52335548401 -1.69902348518 0.302724897861 8.69631599436
8.51040172577 -1.83601880074 0.283904224634 8.71082683672
8.51040172577 -1.83601880074 0.283904224634 8.71082683672
8.51040172577 -1.83601880074 0.283904224634 8.71082683672
8.51040172577 -1.83601880074 0.283904224634 8.71082683672
8.51040172577 -1.83601880074 0.283904224634 8.71082683672
7.51075029373 -1.62965452671 0.282558113337 7.69070757074
7.55777311325 -1.74258685112 0.284104853868 7.76126658047
7.55777311325 -1.74258685112 0.284104853868 7.76126658047
7.55777311325 -1.74258685112 0.284104853868 7.76126658047
6.5581073761 -1.66187620163 0.346452087164 6.7742626104
6.52644348145 -1.75961172581 0.35396027565 6.76875068376
6.52644348145 -1.75961172581 0.35396027565 6.76875068376
6.52644348145 -1.75961172581 0.35396027565 6.76875068376
6.52644348145 -1.75961172581 0.35396027565 6.76875068376
5.50736999512 -1.763677001 0.340053826571 5.79286780722
5.54136562347 -1.82269918919 0.408988922834 5.84775488938
5.54136562347 -1.82269918919 0.408988922834 5.84775488938
4.54109430313 -1.75416564941 0.380673229694 4.88298542936
4.50602436066 -1.87617945671 0.490695804358 4.90561792897
3.47603225708 -1.83210122585 0.446396887302 3.95457524078
3.47013449669 -1.92066371441 0.455849558115 3.99231528672
3.47013449669 -1.92066371441 0.455849558115 3.99231528672
42.8738288879 3.83438920975 0.0115226320922 43.0449518166
42.8738288879 3.83438920975 0.0115226320922 43.0449518166
42.8738288879 3.83438920975 0.0115226320922 43.0449518166
42.8738288879 3.83438920975 0.0115226320922 43.0449518166
42.8738288879 3.83438920975 0.0115226320922 43.0449518166
42.8738288879 3.83438920975 0.0115226320922 42.0231935542
41.8577346802 3.72542881966 0.00490397727117 42.0231935542
41.8577346802 3.72542881966 0.00490397727117 42.0231935542
41.8577346802 3.72542881966 0.00490397727117 42.0231935542
41.8577346802 3.72542881966 0.00490397727117 42.0231935542
41.8577346802 3.72542881966 0.00490397727117 42.0231935542
39.839881897 3.53133702278 -0.0173662994057 39.9960852124
39.839881897 3.53133702278 -0.0173662994057 39.9960852124
39.839881897 3.53133702278 -0.0173662994057 39.9960852124
34.8736457825 3.71176457405 -0.00112800626084 35.070619722
34.8736457825 3.71176457405 -0.00112800626084 35.070619722
34.8736457825 3.71176457405 -0.00112800626084 35.070619722
34.8736457825 3.71176457405 -0.00112800626084 35.070619722
34.8736457825 3.71176457405 -0.00112800626084 35.070619722
33.8549499512 3.63576412201 -0.0243607889861 34.0496257013
33.8549499512 3.63576412201 -0.0243607889861 34.0496257013
33.8549499512 3.63576412201 -0.0243607889861 34.0496257013
33.8549499512 3.63576412201 -0.0243607889861 34.0496257013
33.8549499512 3.63576412201 -0.0243607889861 34.0496257013
33.8549499512 3.63576412201 -0.0243607889861 34.0496257013
33.8549499512 3.63576412201 -0.0243607889861 34.0496257013
33.8549499512 3.63576412201 -0.0243607889861 34.0496257013
33.8549499512 3.63576412201 -0.0243607889861 34.0496257013
32.8726348877 3.50754952431 0.0317884907126 33.0592504246
32.8726348877 3.50754952431 0.0317884907126 33.0592504246
32.8726348877 3.50754952431 0.0317884907126 33.0592504246
32.8726348877 3.50754952431 0.0317884907126 33.0592504246
32.8726348877 3.50754952431 0.0317884907126 33.0592504246
32.8726348877 3.50754952431 0.0317884907126 33.0592504246
32.8726348877 3.50754952431 0.0317884907126 33.0592504246
32.8726348877 3.50754952431 0.0317884907126 33.0592504246
32.8726348877 3.50754952431 0.0317884907126 33.0592504246
32.8726348877 3.50754952431 0.0317884907126 33.0592504246
31.8235759735 3.40271520615 -0.015279606916 32.0049791748
31.8235759735 3.40271520615 -0.015279606916 32.0049791748
31.8235759735 3.40271520615 -0.015279606916 32.0049791748
31.8235759735 3.40271520615 -0.015279606916 32.0049791748
31.8235759735 3.40271520615 -0.015279606916 32.0049791748
31.8235759735 3.40271520615 -0.015279606916 32.0049791748
31.8235759735 3.40271520615 -0.015279606916 32.0049791748
29.8283519745 3.77209115028 -0.00374602852389 30.0659153726
29.8283519745 3.77209115028 -0.00374602852389 30.0659153726
29.8283519745 3.77209115028 -0.00374602852389 30.0659153726
29.8283519745 3.77209115028 -0.00374602852389 30.0659153726
29.8283519745 3.77209115028 -0.00374602852389 30.0659153726
28.8314113617 3.63120913506 -0.00986365787685 29.0591819944
28.8314113617 3.63120913506 -0.00986365787685 29.0591819944
28.8314113617 3.63120913506 -0.00986365787685 29.0591819944
28.8314113617 3.63120913506 -0.00986365787685 29.0591819944
28.8314113617 3.63120913506 -0.00986365787685 29.0591819944
28.8314113617 3.63120913506 -0.00986365787685 29.0591819944
28.8314113617 3.63120913506 -0.00986365787685 29.0591819944
28.8314113617 3.63120913506 -0.00986365787685 29.0591819944
28.8314113617 3.63120913506 -0.00986365787685 29.0591819944
28.8314113617 3.63120913506 -0.00986365787685 29.0591819944
27.8156394958 3.4512488842 0.0406273417175 28.0289594884
27.8156394958 3.4512488842 0.0406273417175 28.0289594884
27.8156394958 3.4512488842 0.0406273417175 28.0289594884
27.8156394958 3.4512488842 0.0406273417175 28.0289594884
27.8156394958 3.4512488842 0.0406273417175 28.0289594884
27.8156394958 3.4512488842 0.0406273417175 28.0289594884
27.8156394958 3.4512488842 0.0406273417175 28.0289594884
27.8156394958 3.4512488842 0.0406273417175 28.0289594884
27.8156394958 3.4512488842 0.0406273417175 28.0289594884
27.8156394958 3.4512488842 0.0406273417175 28.0289594884
25.830247879 3.68407988548 0.0247647743672 26.0916608017
25.830247879 3.68407988548 0.0247647743672 26.0916608017
25.830247879 3.68407988548 0.0247647743672 26.0916608017
25.830247879 3.68407988548 0.0247647743672 26.0916608017
25.830247879 3.68407988548 0.0247647743672 26.0916608017
25.830247879 3.68407988548 0.0247647743672 26.0916608017
24.8479309082 3.5191681385 0.0339236594737 25.0959232869
24.8479309082 3.5191681385 0.0339236594737 25.0959232869
24.8479309082 3.5191681385 0.0339236594737 25.0959232869
24.8479309082 3.5191681385 0.0339236594737 25.0959232869
24.8479309082 3.5191681385 0.0339236594737 25.0959232869
24.8479309082 3.5191681385 0.0339236594737 25.0959232869
24.8479309082 3.5191681385 0.0339236594737 25.0959232869
24.8479309082 3.5191681385 0.0339236594737 25.0959232869
24.8479309082 3.5191681385 0.0339236594737 25.0959232869
24.8479309082 3.5191681385 0.0339236594737 25.0959232869
23.8095226288 3.42228770256 0.00770818954334 24.0542195954
23.8095226288 3.42228770256 0.00770818954334 24.0542195954
23.8095226288 3.42228770256 0.00770818954334 24.0542195954
23.8095226288 3.42228770256 0.00770818954334 24.0542195954
23.8095226288 3.42228770256 0.00770818954334 24.0542195954
23.8095226288 3.42228770256 0.00770818954334 24.0542195954
23.8095226288 3.42228770256 0.00770818954334 24.0542195954
23.8095226288 3.42228770256 0.00770818954334 24.0542195954
23.8095226288 3.42228770256 0.00770818954334 24.0542195954
23.8095226288 3.42228770256 0.00770818954334 24.0542195954
22.8551807404 3.68823814392 0.0186132825911 23.1508689628
22.8551807404 3.68823814392 0.0186132825911 23.1508689628
22.8551807404 3.68823814392 0.0186132825911 23.1508689628
22.8551807404 3.68823814392 0.0186132825911 23.1508689628
22.8551807404 3.68823814392 0.0186132825911 23.1508689628
21.8301486969 3.49535250664 -0.000355732307071 22.108208462
21.8301486969 3.49535250664 -0.000355732307071 22.108208462
21.8301486969 3.49535250664 -0.000355732307071 22.108208462
21.8301486969 3.49535250664 -0.000355732307071 22.108208462
21.8301486969 3.49535250664 -0.000355732307071 22.108208462
21.8301486969 3.49535250664 -0.000355732307071 22.108208462
21.8301486969 3.49535250664 -0.000355732307071 22.108208462
21.8301486969 3.49535250664 -0.000355732307071 22.108208462
21.8301486969 3.49535250664 -0.000355732307071 22.108208462
21.8301486969 3.49535250664 -0.000355732307071 22.108208462
21.8301486969 3.49535250664 -0.000355732307071 22.108208462
98.5055389404 15.8967704773 -0.0 99.780000569
20.8644447327 3.75066494942 -0.0335018076003 21.1989071401
20.8644447327 3.75066494942 -0.0335018076003 21.1989071401
20.8644447327 3.75066494942 -0.0335018076003 21.1989071401
19.824716568 3.56416130066 0.00976887531579 20.1425601205
19.824716568 3.56416130066 0.00976887531579 20.1425601205
19.824716568 3.56416130066 0.00976887531579 20.1425601205
19.824716568 3.56416130066 0.00976887531579 20.1425601205
19.824716568 3.56416130066 0.00976887531579 20.1425601205
19.824716568 3.56416130066 0.00976887531579 20.1425601205
19.824716568 3.56416130066 0.00976887531579 20.1425601205
19.824716568 3.56416130066 0.00976887531579 20.1425601205
19.824716568 3.56416130066 0.00976887531579 20.1425601205
18.8469047546 3.73391747475 0.00806589704007 19.2132252263
18.8469047546 3.73391747475 0.00806589704007 19.2132252263
18.8469047546 3.73391747475 0.00806589704007 19.2132252263
18.8469047546 3.73391747475 0.00806589704007 19.2132252263
18.8469047546 3.73391747475 0.00806589704007 19.2132252263
17.7880249023 3.55252742767 -0.00475442130119 18.1393027334
17.7880249023 3.55252742767 -0.00475442130119 18.1393027334
17.7880249023 3.55252742767 -0.00475442130119 18.1393027334
17.7880249023 3.55252742767 -0.00475442130119 18.1393027334
17.7880249023 3.55252742767 -0.00475442130119 18.1393027334
17.7880249023 3.55252742767 -0.00475442130119 18.1393027334
17.7880249023 3.55252742767 -0.00475442130119 18.1393027334
17.7880249023 3.55252742767 -0.00475442130119 18.1393027334
17.7880249023 3.55252742767 -0.00475442130119 18.1393027334
16.821269989 3.61092114449 0.026788873598 17.2044934014
16.821269989 3.61092114449 0.026788873598 17.2044934014
16.821269989 3.61092114449 0.026788873598 17.2044934014
16.821269989 3.61092114449 0.026788873598 17.2044934014
16.821269989 3.61092114449 0.026788873598 17.2044934014
16.821269989 3.61092114449 0.026788873598 17.2044934014
16.821269989 3.61092114449 0.026788873598 17.2044934014
16.821269989 3.61092114449 0.026788873598 17.2044934014
16.821269989 3.61092114449 0.026788873598 17.2044934014
15.8215961456 3.42240214348 0.000696335686371 16.1875180776
15.8215961456 3.42240214348 0.000696335686371 16.1875180776
15.8215961456 3.42240214348 0.000696335686371 16.1875180776
15.8574256897 3.50137758255 0.299544662237 16.2421464556
15.8661613464 3.70397830009 0.289019495249 16.2953387012
15.8661613464 3.70397830009 0.289019495249 16.2953387012
15.8661613464 3.70397830009 0.289019495249 16.2953387012
15.8661613464 3.70397830009 0.289019495249 16.2953387012
15.8661613464 3.70397830009 0.289019495249 16.2953387012
14.8212051392 3.42725563049 0.317957639694 15.2156268354
14.8212051392 3.42725563049 0.317957639694 15.2156268354
14.8212051392 3.42725563049 0.317957639694 15.2156268354
14.8212051392 3.42725563049 0.317957639694 15.2156268354
14.8212051392 3.42725563049 0.317957639694 15.2156268354
14.8451280594 3.79340004921 0.304914355278 15.3251650496
14.8451280594 3.79340004921 0.304914355278 15.3251650496
13.7960748672 3.52966022491 0.308643072844 14.2437861397
13.7960748672 3.52966022491 0.308643072844 14.2437861397
13.7960748672 3.52966022491 0.308643072844 14.2437861397
13.7960748672 3.52966022491 0.308643072844 14.2437861397
13.7960748672 3.52966022491 0.308643072844 14.2437861397
13.7960748672 3.52966022491 0.308643072844 14.2437861397
13.816991806 3.80903816223 0.272098958492 14.334994668
13.816991806 3.80903816223 0.272098958492 14.334994668
13.816991806 3.80903816223 0.272098958492 14.334994668
12.837761879 3.50969219208 0.239917054772 13.3110341273
12.837761879 3.50969219208 0.239917054772 13.3110341273
12.837761879 3.50969219208 0.239917054772 13.3110341273
12.837761879 3.50969219208 0.239917054772 13.3110341273
12.837761879 3.50969219208 0.239917054772 13.3110341273
12.8865833282 3.75696182251 0.242914408445 13.4252672011
12.8865833282 3.75696182251 0.242914408445 13.4252672011
12.8865833282 3.75696182251 0.242914408445 13.4252672011
12.8865833282 3.75696182251 0.242914408445 13.4252672011
12.8865833282 3.75696182251 0.242914408445 13.4252672011
12.8865833282 3.75696182251 0.242914408445 13.4252672011
11.8608226776 3.49390459061 0.23235347867 12.3669103667
11.8608226776 3.49390459061 0.23235347867 12.3669103667
11.8391036987 3.70899176598 0.252864599228 12.4090667181
11.8391036987 3.70899176598 0.252864599228 12.4090667181
11.8391036987 3.70899176598 0.252864599228 12.4090667181
11.8391036987 3.70899176598 0.252864599228 12.4090667181
11.8391036987 3.70899176598 0.252864599228 12.4090667181
11.8391036987 3.70899176598 0.252864599228 12.4090667181
11.8391036987 3.70899176598 0.252864599228 12.4090667181
11.8391036987 3.70899176598 0.252864599228 12.4090667181
10.8283777237 3.564702034 0.200952097774 11.4018089119
10.8283777237 3.564702034 0.200952097774 11.4018089119
10.8283777237 3.564702034 0.200952097774 11.4018089119
10.8283777237 3.564702034 0.200952097774 11.4018089119
10.8155050278 3.83634114265 0.188324332237 11.4772875028
10.8155050278 3.83634114265 0.188324332237 11.4772875028
10.8155050278 3.83634114265 0.188324332237 11.4772875028
9.80762863159 3.46858382225 0.202641561627 10.4048890772
9.88157844543 3.6598777771 0.181342437863 10.5391262919
9.88157844543 3.6598777771 0.181342437863 10.5391262919
9.88157844543 3.6598777771 0.181342437863 10.5391262919
9.88157844543 3.6598777771 0.181342437863 10.5391262919
9.88157844543 3.6598777771 0.181342437863 10.5391262919
8.83837032318 3.6113474369 0.333316415548 9.55351872938
8.83837032318 3.6113474369 0.333316415548 9.55351872938
7.85509395599 3.72751069069 0.337821692228 8.70120454319
7.85509395599 3.72751069069 0.337821692228 8.70120454319
7.85509395599 3.72751069069 0.337821692228 8.70120454319
5.89251422882 3.72359681129 0.3746483922 6.98049128412
43.3952941895 -1.56317925453 0.0490534454584 43.4234670819
43.3952941895 -1.56317925453 0.0490534454584 43.4234670819
43.3952941895 -1.56317925453 0.0490534454584 43.4234670819
43.3952941895 -1.56317925453 0.0490534454584 43.4234670819
43.3952941895 -1.56317925453 0.0490534454584 43.4234670819
43.3952941895 -1.56317925453 0.0490534454584 43.4234670819
43.3952941895 -1.56317925453 0.0490534454584 43.4234670819
43.3952941895 -1.56317925453 0.0490534454584 43.4234670819
42.4265823364 -1.50157928467 -0.0184308737516 42.4531502812
42.4265823364 -1.50157928467 -0.0184308737516 42.4531502812
42.4265823364 -1.50157928467 -0.0184308737516 42.4531502812
42.4265823364 -1.50157928467 -0.0184308737516 42.4531502812
42.4265823364 -1.50157928467 -0.0184308737516 42.4531502812
42.4265823364 -1.50157928467 -0.0184308737516 42.4531502812
42.4265823364 -1.50157928467 -0.0184308737516 42.4531502812
42.4265823364 -1.50157928467 -0.0184308737516 42.4531502812
40.3948135376 -1.42696809769 0.00912940036505 40.4200109109
39.4045257568 -1.38861083984 -0.0149095701054 39.4289882254
39.4045257568 -1.38861083984 -0.0149095701054 39.4289882254
39.4045257568 -1.38861083984 -0.0149095701054 39.4289882254
39.4045257568 -1.38861083984 -0.0149095701054 39.4289882254
39.4045257568 -1.38861083984 -0.0149095701054 39.4289882254
39.4045257568 -1.38861083984 -0.0149095701054 39.4289882254
39.4045257568 -1.38861083984 -0.0149095701054 39.4289882254
38.3994026184 -1.36335718632 -0.0174048878253 38.4236016948
38.3994026184 -1.36335718632 -0.0174048878253 38.4236016948
38.3994026184 -1.36335718632 -0.0174048878253 38.4236016948
38.3994026184 -1.36335718632 -0.0174048878253 38.4236016948
38.3994026184 -1.36335718632 -0.0174048878253 38.4236016948
38.3994026184 -1.36335718632 -0.0174048878253 38.4236016948
38.3994026184 -1.36335718632 -0.0174048878253 38.4236016948
38.3994026184 -1.36335718632 -0.0174048878253 38.4236016948
38.3994026184 -1.36335718632 -0.0174048878253 38.4236016948
37.4293937683 -1.31671357155 0.00314405700192 37.4525468076
37.4293937683 -1.31671357155 0.00314405700192 37.4525468076
37.4293937683 -1.31671357155 0.00314405700192 37.4525468076
37.4293937683 -1.31671357155 0.00314405700192 37.4525468076
37.4293937683 -1.31671357155 0.00314405700192 37.4525468076
37.4293937683 -1.31671357155 0.00314405700192 37.4525468076
30.3991127014 -1.6155962944 0.0031851711683 30.4420139703
30.3991127014 -1.6155962944 0.0031851711683 30.4420139703
30.3991127014 -1.6155962944 0.0031851711683 30.4420139703
30.3991127014 -1.6155962944 0.0031851711683 30.4420139703
30.3991127014 -1.6155962944 0.0031851711683 30.4420139703
30.3991127014 -1.6155962944 0.0031851711683 30.4420139703
30.3991127014 -1.6155962944 0.0031851711683 30.4420139703
30.3991127014 -1.6155962944 0.0031851711683 30.4420139703
29.3786430359 -1.58048570156 -0.0310162547976 29.421141441
29.3786430359 -1.58048570156 -0.0310162547976 29.421141441
29.3786430359 -1.58048570156 -0.0310162547976 29.421141441
29.3786430359 -1.58048570156 -0.0310162547976 29.421141441
29.3786430359 -1.58048570156 -0.0310162547976 29.421141441
29.3786430359 -1.58048570156 -0.0310162547976 29.421141441
29.3786430359 -1.58048570156 -0.0310162547976 29.421141441
29.3786430359 -1.58048570156 -0.0310162547976 29.421141441
28.3573455811 -1.5322675705 0.00531761161983 28.3987133615
28.3573455811 -1.5322675705 0.00531761161983 28.3987133615
28.3573455811 -1.5322675705 0.00531761161983 28.3987133615
28.3573455811 -1.5322675705 0.00531761161983 28.3987133615
28.3573455811 -1.5322675705 0.00531761161983 28.3987133615
28.3573455811 -1.5322675705 0.00531761161983 28.3987133615
28.3573455811 -1.5322675705 0.00531761161983 28.3987133615
28.3573455811 -1.5322675705 0.00531761161983 28.3987133615
27.4051456451 -1.46891880035 0.0301183946431 27.444501041
27.4051456451 -1.46891880035 0.0301183946431 27.444501041
27.4051456451 -1.46891880035 0.0301183946431 27.444501041
27.4051456451 -1.46891880035 0.0301183946431 27.444501041
27.4051456451 -1.46891880035 0.0301183946431 27.444501041
27.4051456451 -1.46891880035 0.0301183946431 27.444501041
27.4051456451 -1.46891880035 0.0301183946431 27.444501041
27.4051456451 -1.46891880035 0.0301183946431 27.444501041
27.4051456451 -1.46891880035 0.0301183946431 27.444501041
26.4109458923 -1.40491974354 0.00579826673493 26.4482872042
26.4109458923 -1.40491974354 0.00579826673493 26.4482872042
23.4024543762 -1.69354045391 0.0017341125058 23.4636517428
23.4024543762 -1.69354045391 0.0017341125058 23.4636517428
23.4024543762 -1.69354045391 0.0017341125058 23.4636517428
23.4024543762 -1.69354045391 0.0017341125058 23.4636517428
23.4024543762 -1.69354045391 0.0017341125058 23.4636517428
23.4024543762 -1.69354045391 0.0017341125058 23.4636517428
23.4024543762 -1.69354045391 0.0017341125058 23.4636517428
23.4024543762 -1.69354045391 0.0017341125058 23.4636517428
23.4024543762 -1.69354045391 0.0017341125058 23.4636517428
22.3679141998 -1.59079527855 0.00296026561409 22.4244113419
22.3679141998 -1.59079527855 0.00296026561409 22.4244113419
22.3679141998 -1.59079527855 0.00296026561409 22.4244113419
22.3679141998 -1.59079527855 0.00296026561409 22.4244113419
22.3679141998 -1.59079527855 0.00296026561409 22.4244113419
22.3679141998 -1.59079527855 0.00296026561409 22.4244113419
22.3679141998 -1.59079527855 0.00296026561409 22.4244113419
22.3679141998 -1.59079527855 0.00296026561409 22.4244113419
22.3679141998 -1.59079527855 0.00296026561409 22.4244113419
21.3815498352 -1.49599206448 0.0181650407612 21.4338282997
21.3815498352 -1.49599206448 0.0181650407612 21.4338282997
21.3815498352 -1.49599206448 0.0181650407612 21.4338282997
21.3815498352 -1.49599206448 0.0181650407612 21.4338282997
21.3815498352 -1.49599206448 0.0181650407612 21.4338282997
21.3815498352 -1.49599206448 0.0181650407612 21.4338282997
21.3815498352 -1.49599206448 0.0181650407612 21.4338282997
21.3815498352 -1.49599206448 0.0181650407612 21.4338282997
21.3815498352 -1.49599206448 0.0181650407612 21.4338282997
18.3662548065 -1.6443734169 -0.0147457597777 18.4397260552
18.3662548065 -1.6443734169 -0.0147457597777 18.4397260552
18.3662548065 -1.6443734169 -0.0147457597777 18.4397260552
18.3662548065 -1.6443734169 -0.0147457597777 18.4397260552
18.3662548065 -1.6443734169 -0.0147457597777 18.4397260552
18.3662548065 -1.6443734169 -0.0147457597777 18.4397260552
18.3662548065 -1.6443734169 -0.0147457597777 18.4397260552
18.3662548065 -1.6443734169 -0.0147457597777 18.4397260552
17.3855838776 -1.53864979744 0.0227313954383 17.4535522653
17.3855838776 -1.53864979744 0.0227313954383 17.4535522653
17.3855838776 -1.53864979744 0.0227313954383 17.4535522653
17.3855838776 -1.53864979744 0.0227313954383 17.4535522653
17.3855838776 -1.53864979744 0.0227313954383 17.4535522653
17.3855838776 -1.53864979744 0.0227313954383 17.4535522653
17.3855838776 -1.53864979744 0.0227313954383 17.4535522653
16.4009513855 -1.77988445759 0.268923908472 16.499439842
15.3889083862 -1.67154467106 0.275055378675 15.4818674057
15.3889083862 -1.67154467106 0.275055378675 15.4818674057
15.3889083862 -1.67154467106 0.275055378675 15.4818674057
15.3889083862 -1.67154467106 0.275055378675 15.4818674057
15.3889083862 -1.67154467106 0.275055378675 15.4818674057
15.3889083862 -1.67154467106 0.275055378675 15.4818674057
15.3889083862 -1.67154467106 0.275055378675 15.4818674057
15.3889083862 -1.67154467106 0.275055378675 15.4818674057
15.3889083862 -1.67154467106 0.275055378675 15.4818674057
14.4004459381 -1.50703430176 0.271514058113 14.4816337299
14.3369989395 -1.76352679729 0.285315036774 14.4478707783
14.3369989395 -1.76352679729 0.285315036774 14.4478707783
14.3369989395 -1.76352679729 0.285315036774 14.4478707783
14.3369989395 -1.76352679729 0.285315036774 14.4478707783
14.3369989395 -1.76352679729 0.285315036774 14.4478707783
14.3369989395 -1.76352679729 0.285315036774 14.4478707783
14.3369989395 -1.76352679729 0.285315036774 14.4478707783
13.3964729309 -1.68490660191 0.276426017284 13.5048438935
13.3964729309 -1.68490660191 0.276426017284 13.5048438935
13.3964729309 -1.68490660191 0.276426017284 13.5048438935
13.3964729309 -1.68490660191 0.276426017284 13.5048438935
13.3964729309 -1.68490660191 0.276426017284 13[ERROR] [WallTime: 1399406673.761489] [81.224000] bad callback: <bound method ColorTracker.callback of <__main__.ColorTracker instance at 0x36c30e0>>
Traceback (most recent call last):
  File "/opt/ros/hydro/lib/python2.7/dist-packages/rospy/topics.py", line 682, in _invoke_callback
    cb(msg)
  File "./vilma_detection_camera_scan.py", line 111, in callback
    if(d[j][i] < 90.0):
IndexError: list index out of range

.5048438935
13.3964729309 -1.68490660191 0.276426017284 13.5048438935
13.3964729309 -1.68490660191 0.276426017284 13.5048438935
13.3964729309 -1.68490660191 0.276426017284 13.5048438935
13.3964729309 -1.68490660191 0.276426017284 13.5048438935
12.3599100113 -1.76839065552 0.22905741632 12.4878760523
12.3599100113 -1.76839065552 0.22905741632 12.4878760523
12.3599100113 -1.76839065552 0.22905741632 12.4878760523
12.3599100113 -1.76839065552 0.22905741632 12.4878760523
12.3599100113 -1.76839065552 0.22905741632 12.4878760523
12.3599100113 -1.76839065552 0.22905741632 12.4878760523
12.3599100113 -1.76839065552 0.22905741632 12.4878760523
12.3599100113 -1.76839065552 0.22905741632 12.4878760523
11.3828792572 -1.59300434589 0.240389510989 11.4963207222
11.3828792572 -1.59300434589 0.240389510989 11.4963207222
11.3828792572 -1.59300434589 0.240389510989 11.4963207222
11.3828792572 -1.59300434589 0.240389510989 11.4963207222
11.3610963821 -1.8584266901 0.200523108244 11.5138382082
11.3610963821 -1.8584266901 0.200523108244 11.5138382082
11.3610963821 -1.8584266901 0.200523108244 11.5138382082
11.3610963821 -1.8584266901 0.200523108244 11.5138382082
11.3610963821 -1.8584266901 0.200523108244 11.5138382082
10.3690719604 -1.68409490585 0.197870239615 10.5068064418
10.3690719604 -1.68409490585 0.197870239615 10.5068064418
10.3690719604 -1.68409490585 0.197870239615 10.5068064418
10.3690719604 -1.68409490585 0.197870239615 10.5068064418
10.3690719604 -1.68409490585 0.197870239615 10.5068064418
9.41245174408 -1.70708096027 0.332878053188 9.57179090024
9.41245174408 -1.70708096027 0.332878053188 9.57179090024
9.41245174408 -1.70708096027 0.332878053188 9.57179090024
9.41245174408 -1.70708096027 0.332878053188 9.57179090024
9.41245174408 -1.70708096027 0.332878053188 9.57179090024
9.36250686646 -1.85238349438 0.345415920019 9.55024458286
9.36250686646 -1.85238349438 0.345415920019 9.55024458286
9.36250686646 -1.85238349438 0.345415920019 9.55024458286
9.36250686646 -1.85238349438 0.345415920019 9.55024458286
9.36250686646 -1.85238349438 0.345415920019 9.55024458286
9.36250686646 -1.85238349438 0.345415920019 9.55024458286
8.36520004272 -1.65270340443 0.329462319613 8.53326114202
8.36520004272 -1.65270340443 0.329462319613 8.53326114202
8.36520004272 -1.65270340443 0.329462319613 8.53326114202
8.35391902924 -1.85186326504 0.353748381138 8.56402350631
8.35391902924 -1.85186326504 0.353748381138 8.56402350631
8.35391902924 -1.85186326504 0.353748381138 8.56402350631
8.35391902924 -1.85186326504 0.353748381138 8.56402350631
8.35391902924 -1.85186326504 0.353748381138 8.56402350631
8.35391902924 -1.85186326504 0.353748381138 8.56402350631
7.38178300858 -1.70819628239 0.285953491926 7.58224401641
7.38178300858 -1.70819628239 0.285953491926 7.58224401641
7.39034461975 -1.87833929062 0.319125622511 7.63198488287
7.39034461975 -1.87833929062 0.319125622511 7.63198488287
7.39034461975 -1.87833929062 0.319125622511 7.63198488287
7.36728858948 -1.88101613522 0.427286803722 7.61562452293
7.36728858948 -1.88101613522 0.427286803722 7.61562452293
6.36673736572 -1.74363660812 0.386371731758 6.61248035312
6.36673736572 -1.74363660812 0.386371731758 6.61248035312
6.32209825516 -1.85583484173 0.357583373785 6.59855402167
6.32209825516 -1.85583484173 0.357583373785 6.59855402167
6.32209825516 -1.85583484173 0.357583373785 6.59855402167
5.35391235352 -1.75368285179 0.339531898499 5.64402896377
5.38677978516 -1.79451310635 0.405178308487 5.69226169499
5.35417842865 -1.90962684155 0.398151278496 5.69845819151
5.35417842865 -1.90962684155 0.398151278496 5.69845819151
4.38114261627 -1.78242337704 0.480991959572 4.75423989553
4.36504173279 -1.86645030975 0.464050233364 4.76996527313
4.36504173279 -1.86645030975 0.464050233364 4.76996527313
3.35230565071 -1.86189782619 0.44612672925 3.86052402525
3.35781431198 -1.9241476059 0.463442146778 3.89769670272
3.38838648796 -1.94686686993 0.539590954781 3.94494765485
49.959941864 3.54506015778 -0.965273141861 50.094859964
49.959941864 3.54506015778 -0.965273141861 50.094859964
49.959941864 3.54506015778 -0.965273141861 50.094859964
49.959941864 3.54506015778 -0.965273141861 50.094859964
49.959941864 3.54506015778 -0.965273141861 50.094859964
38.9440841675 3.46219825745 0.019674975425 39.0976840174
38.9440841675 3.46219825745 0.019674975425 39.0976840174
38.9440841675 3.46219825745 0.019674975425 39.0976840174
38.9440841675 3.46219825745 0.019674975425 39.0976840174
38.9440841675 3.46219825745 0.019674975425 39.0976840174
38.9440841675 3.46219825745 0.019674975425 39.0976840174
38.9440841675 3.46219825745 0.019674975425 39.0976840174
38.9440841675 3.46219825745 0.019674975425 39.0976840174
38.9440841675 3.46219825745 0.019674975425 39.0976840174
37.9159622192 3.37841367722 0.00183119764552 38.0661775509
37.9159622192 3.37841367722 0.00183119764552 38.0661775509
37.9159622192 3.37841367722 0.00183119764552 38.0661775509
37.9159622192 3.37841367722 0.00183119764552 38.0661775509
37.9159622192 3.37841367722 0.00183119764552 38.0661775509
37.9159622192 3.37841367722 0.00183119764552 38.0661775509
37.9159622192 3.37841367722 0.00183119764552 38.0661775509
37.9159622192 3.37841367722 0.00183119764552 38.0661775509
36.9120445251 3.27772831917 -0.00971437897533 37.0572884643
36.9120445251 3.27772831917 -0.00971437897533 37.0572884643
36.9120445251 3.27772831917 -0.00971437897533 37.0572884643
36.9120445251 3.27772831917 -0.00971437897533 37.0572884643
36.9120445251 3.27772831917 -0.00971437897533 37.0572884643
36.9120445251 3.27772831917 -0.00971437897533 37.0572884643
36.9120445251 3.27772831917 -0.00971437897533 37.0572884643
36.9120445251 3.27772831917 -0.00971437897533 37.0572884643
35.9251403809 3.18899202347 0.0209953635931 36.0664085031
35.9251403809 3.18899202347 0.0209953635931 36.0664085031
35.9251403809 3.18899202347 0.0209953635931 36.0664085031
35.9251403809 3.18899202347 0.0209953635931 36.0664085031
35.9251403809 3.18899202347 0.0209953635931 36.0664085031
35.9251403809 3.18899202347 0.0209953635931 36.0664085031
35.9251403809 3.18899202347 0.0209953635931 36.0664085031
35.9251403809 3.18899202347 0.0209953635931 36.0664085031
99.3860702515 8.85765838623 -0.0 99.780003368
31.9682807922 3.42205715179 0.00419494928792 32.1509170874
31.9682807922 3.42205715179 0.00419494928792 32.1509170874
31.9682807922 3.42205715179 0.00419494928792 32.1509170874
31.9682807922 3.42205715179 0.00419494928792 32.1509170874
30.9466533661 3.33054256439 0.00512035842985 31.1253577418
30.9466533661 3.33054256439 0.00512035842985 31.1253577418
30.9466533661 3.33054256439 0.00512035842985 31.1253577418
30.9466533661 3.33054256439 0.00512035842985 31.1253577418
30.9466533661 3.33054256439 0.00512035842985 31.1253577418
30.9466533661 3.33054256439 0.00512035842985 31.1253577418
30.9466533661 3.33054256439 0.00512035842985 31.1253577418
30.9466533661 3.33054256439 0.00512035842985 31.1253577418
29.909318924 3.17740106583 -0.0382996313274 30.0776445702
29.909318924 3.17740106583 -0.0382996313274 30.0776445702
29.909318924 3.17740106583 -0.0382996313274 30.0776445702
29.909318924 3.17740106583 -0.0382996313274 30.0776445702
29.909318924 3.17740106583 -0.0382996313274 30.0776445702
27.9130897522 3.52161812782 0.0154713271186 28.1343671177
26.9397125244 3.3493013382 0.0424024090171 27.1471495431
26.9397125244 3.3493013382 0.0424024090171 27.1471495431
26.9397125244 3.3493013382 0.0424024090171 27.1471495431
26.9397125244 3.3493013382 0.0424024090171 27.1471495431
26.9397125244 3.3493013382 0.0424024090171 27.1471495431
26.9397125244 3.3493013382 0.0424024090171 27.1471495431
26.9397125244 3.3493013382 0.0424024090171 27.1471495431
25.9509544373 3.20119976997 -0.00858231540769 26.1476536199
25.9509544373 3.20119976997 -0.00858231540769 26.1476536199
25.9509544373 3.20119976997 -0.00858231540769 26.1476536199
25.9509544373 3.20119976997 -0.00858231540769 26.1476536199
25.9509544373 3.20119976997 -0.00858231540769 26.1476536199
25.9509544373 3.20119976997 -0.00858231540769 26.1476536199
25.9509544373 3.20119976997 -0.00858231540769 26.1476536199
23.935256958 3.40889286995 0.000576128542889 24.1767879706
23.935256958 3.40889286995 0.000576128542889 24.1767879706
23.935256958 3.40889286995 0.000576128542889 24.1767879706
23.935256958 3.40889286995 0.000576128542889 24.1767879706
22.9442329407 3.26527762413 0.0118333445862 23.1754180809
22.9442329407 3.26527762413 0.0118333445862 23.1754180809
22.9442329407 3.26527762413 0.0118333445862 23.1754180809
22.9442329407 3.26527762413 0.0118333445862 23.1754180809
22.9442329407 3.26527762413 0.0118333445862 23.1754180809
22.9442329407 3.26527762413 0.0118333445862 23.1754180809
21.9430065155 3.16038346291 -0.0216596536338 22.1694390482
21.9430065155 3.16038346291 -0.0216596536338 22.1694390482
21.9430065155 3.16038346291 -0.0216596536338 22.1694390482
21.9430065155 3.16038346291 -0.0216596536338 22.1694390482
21.9430065155 3.16038346291 -0.0216596536338 22.1694390482
21.9430065155 3.16038346291 -0.0216596536338 22.1694390482
20.9444942474 3.4133951664 0.00236607342958 21.2208178787
20.9444942474 3.4133951664 0.00236607342958 21.2208178787
20.9444942474 3.4133951664 0.00236607342958 21.2208178787
20.9444942474 3.4133951664 0.00236607342958 21.2208178787
19.8959293365 3.22838020325 0.020703624934 20.1561621233
19.8959293365 3.22838020325 0.020703624934 20.1561621233
19.8959293365 3.22838020325 0.020703624934 20.1561621233
19.8959293365 3.22838020325 0.020703624934 20.1561621233
19.8959293365 3.22838020325 0.020703624934 20.1561621233
19.8959293365 3.22838020325 0.020703624934 20.1561621233
19.8959293365 3.22838020325 0.020703624934 20.1561621233
19.8959293365 3.22838020325 0.020703624934 20.1561621233
19.8959293365 3.22838020325 0.020703624934 20.1561621233
18.9407997131 3.41366696358 -0.00908108428121 19.2459631709
18.9407997131 3.41366696358 -0.00908108428121 19.2459631709
18.9407997131 3.41366696358 -0.00908108428121 19.2459631709
18.9407997131 3.41366696358 -0.00908108428121 19.2459631709
17.9321784973 3.20657157898 -0.00439057359472 18.2166173102
17.9321784973 3.20657157898 -0.00439057359472 18.2166173102
17.9321784973 3.20657157898 -0.00439057359472 18.2166173102
17.9321784973 3.20657157898 -0.00439057359472 18.2166173102
17.9321784973 3.20657157898 -0.00439057359472 18.2166173102
17.9321784973 3.20657157898 -0.00439057359472 18.2166173102
17.9321784973 3.20657157898 -0.00439057359472 18.2166173102
16.9256057739 3.35125017166 0.00324698467739 17.2541884501
16.9256057739 3.35125017166 0.00324698467739 17.2541884501
16.9256057739 3.35125017166 0.00324698467739 17.2541884501
16.9256057739 3.35125017166 0.00324698467739 17.2541884501
16.9256057739 3.35125017166 0.00324698467739 17.2541884501
15.9199485779 3.12900519371 0.00734074274078 16.2245335869
15.9199485779 3.12900519371 0.00734074274078 16.2245335869
15.9199485779 3.12900519371 0.00734074274078 16.2245335869
15.9430484772 3.12649893761 0.286693841219 16.2492456351
15.9430484772 3.12649893761 0.286693841219 16.2492456351
15.9354152679 3.44215536118 0.320755720139 16.30609633
15.9354152679 3.44215536118 0.320755720139 16.30609633
14.8735904694 3.27873373032 0.295449405909 15.2335510855
14.8735904694 3.27873373032 0.295449405909 15.2335510855
14.8735904694 3.27873373032 0.295449405909 15.2335510855
14.8735904694 3.27873373032 0.295449405909 15.2335510855
14.8735904694 3.27873373032 0.295449405909 15.2335510855
14.8735904694 3.27873373032 0.295449405909 15.2335510855
14.9770288467 3.49878549576 0.286883085966 15.3829514374
14.9770288467 3.49878549576 0.286883085966 15.3829514374
13.9300966263 3.25995135307 0.246073812246 14.3085787961
13.9300966263 3.25995135307 0.246073812246 14.3085787961
13.9300966263 3.25995135307 0.246073812246 14.3085787961
13.9300966263 3.25995135307 0.246073812246 14.3085787961
13.9300966263 3.25995135307 0.246073812246 14.3085787961
13.9241476059 3.57557415962 0.279318362474 14.3786173142
13.9241476059 3.57557415962 0.279318362474 14.3786173142
12.8970212936 3.29028010368 0.234583675861 13.3121797956
12.8970212936 3.29028010368 0.234583675861 13.3121797956
12.8970212936 3.29028010368 0.234583675861 13.3121797956
12.8970212936 3.29028010368 0.234583675861 13.3121797956
12.8970212936 3.29028010368 0.234583675861 13.3121797956
12.9683732986 3.55693483353 0.291492134333 13.4504817418
12.9683732986 3.55693483353 0.291492134333 13.4504817418
11.9116945267 3.26100373268 0.242928639054 12.3523935399
11.9116945267 3.26100373268 0.242928639054 12.3523935399
11.9116945267 3.26100373268 0.242928639054 12.3523935399
11.9433717728 3.48235630989 0.223069638014 12.4426964455
11.9433717728 3.48235630989 0.223069638014 12.4426964455
11.9433717728 3.48235630989 0.223069638014 12.4426964455
10.9613018036 3.20684218407 0.235254511237 11.4231921418
10.9613018036 3.20684218407 0.235254511237 11.4231921418
10.9482688904 3.41403436661 0.206999287009 11.4700946403
10.9482688904 3.41403436661 0.206999287009 11.4700946403
10.9482688904 3.41403436661 0.206999287009 11.4700946403
10.9482688904 3.41403436661 0.206999287009 11.4700946403
10.9482688904 3.41403436661 0.206999287009 11.4700946403
10.9482688904 3.41403436661 0.206999287009 11.4700946403
9.93541812897 3.29873609543 0.202909052372 10.4706907751
9.93541812897 3.29873609543 0.202909052372 10.4706907751
9.93541812897 3.29873609543 0.202909052372 10.4706907751
9.93541812897 3.29873609543 0.202909052372 10.4706907751
9.97295284271 3.49700737 0.375358432531 10.5749582931
9.97295284271 3.49700737 0.375358432531 10.5749582931
9.97295284271 3.49700737 0.375358432531 10.5749582931
8.93845462799 3.32080674171 0.381628751755 9.54302724803
8.93845462799 3.32080674171 0.381628751755 9.54302724803
8.93845462799 3.32080674171 0.381628751755 9.54302724803
8.95023155212 3.48730635643 0.405188500881 9.61416289551
8.95023155212 3.48730635643 0.405188500881 9.61416289551
8.95023155212 3.48730635643 0.405188500881 9.61416289551
7.93687438965 3.43072915077 0.335438251495 8.65311483823
7.93687438965 3.43072915077 0.335438251495 8.65311483823
7.93687438965 3.43072915077 0.335438251495 8.65311483823
6.96181249619 3.43154239655 0.321963459253 7.7682673049
