[ 14.1664839922 35.5316197625 ][ 14.1061024825 39.4089861017 ]
[ 14.1669635815 35.5314116338 ][ 15.9590815654 42.0235729494 ]
[ 14.5672552556 36.4408251287 ][ 14.0634779142 36.9834983585 ]
[ 14.9112267255 37.3730663268 ][ 12.5395023269 44.7235807429 ]
[ 14.9110117107 37.3731599379 ][ 17.5085130878 39.3567470055 ]
[ 14.911409021 37.3729869617 ][ 15.0038878376 43.6421254285 ]
[ 14.9110023623 37.3731640079 ][ 12.3909951836 45.9475583994 ]
[ 14.9104274342 37.3734143219 ][ 18.8257289469 41.9812205561 ]
[ 15.7064179419 39.1852071988 ][ 16.176737965 41.580857564 ]
[ 16.1528466254 40.1547104524 ][ 14.8867735763 40.9769284791 ]
[ 16.1523298527 40.154935009 ][ 16.9551068514 41.7988490092 ]
[ 16.5128871296 41.0280729678 ][ 16.38769342 38.2472374463 ]
[ 16.5125438095 41.0282223398 ][ 9.35540238093 41.7230707946 ]
[ 16.5129379919 41.0280508389 ][ 14.6567231309 40.6561991825 ]
[ 16.5124208928 41.0282758195 ][ 23.3243108223 42.4592469629 ]
[ 16.5119122739 41.0284971193 ][ 21.7059178526 43.0406193105 ]
[ 16.5115053811 41.0286741643 ][ 14.8966699548 42.1409458589 ]
[ 16.5119080355 41.0284989634 ][ 15.8881432832 47.1226874416 ]
[ 16.5114926657 41.028679697 ][ 17.4915531892 46.606442578 ]
[ 16.5109586221 41.0289120759 ][ 17.3706308777 48.0109903882 ]
[ 16.5104712043 41.0291241748 ][ 18.6304064774 53.4387358391 ]
[ 16.5107806083 41.0289895373 ][ 21.8633523475 43.555502925 ]
[ 16.5103694827 41.0291684397 ][ 18.2687775761 51.5695349887 ]
[ 16.5098057778 41.0294137466 ][ 22.4639204052 46.9056828568 ]
[ 16.5093141285 41.0296277057 ][ 17.0717513874 45.174913256 ]
[ 16.5096192898 41.0294949027 ][ 18.9413380287 48.2189508563 ]
[ 18.7649037988 47.6506914533 ][ 18.2159290531 51.6836003027 ]
[ 18.7643898924 47.6509262248 ][ 16.1022381344 50.9504980965 ]
[ 19.2149792214 48.592944211 ][ 17.4009964004 48.2536747758 ]
[ 19.6529690946 49.4910730544 ][ 25.664687188 51.5920629748 ]
[ 19.6526461295 49.4912200315 ][ 23.1952207579 54.5075349608 ]
[ 19.6522456552 49.4914022885 ][ 14.363963326 50.3421026783 ]
[ 20.1008683721 50.4173157273 ][ 19.5498133924 52.9405902934 ]
[ 20.1010492885 50.4172335792 ][ 15.6354043484 43.9895624708 ]
[ 20.4594849246 51.3230048689 ][ 26.7366436111 53.4175573605 ]
[ 20.459186809 51.3231408578 ][ 16.6038393001 50.1951940452 ]
[ 20.4586718859 51.323375756 ][ 19.5895157177 56.3888404962 ]
[ 20.459081415 51.3231889355 ][ 22.1560554587 50.4399018142 ]
[ 20.458813414 51.3233111923 ][ 26.2124371151 56.522880866 ]
[ 20.4584219542 51.3234897747 ][ 18.5160437588 52.1836494056 ]
[ 20.4580184524 51.3236738584 ][ 20.9068994265 54.4275583787 ]
[ 21.8183314591 55.1000666503 ][ 19.8371139392 56.9121366971 ]
[ 21.8180804803 55.1001853906 ][ 22.6800424626 53.1101416161 ]
[ 21.8177398683 55.1003465428 ][ 24.3000346115 55.7212810692 ]
[ 22.2320004759 56.0329847294 ][ 22.6454460439 51.9876287404 ]
[ 22.23233855 56.0328243338 ][ 19.2172378028 56.9213171633 ]
[ 22.6510698623 56.8825403045 ][ 26.7458699355 61.3416579728 ]
[ 22.6507762973 56.8826793505 ][ 23.1511532037 61.8913803402 ]
[ 22.650327734 56.8828918212 ][ 22.1965685302 63.4605549063 ]
[ 22.6506259928 56.8827505437 ][ 21.7445150068 62.8901375132 ]
[ 23.2320326282 58.8847967963 ][ 21.8346167323 59.3987021716 ]
[ 23.2317963268 58.8849136245 ][ 22.5592894 61.9016199617 ]
[ 23.6149701019 59.7341486929 ][ 20.4950749523 64.3165651428 ]
[ 23.6151086949 59.7340798698 ][ 21.004236858 62.1808705624 ]
[ 23.6149901878 59.7341387185 ][ 26.2020840523 65.4034841546 ]
[ 23.8340626172 60.7726390171 ][ 25.3623407809 55.8413925142 ]
[ 24.2915538741 61.6304505581 ][ 26.2886261085 64.3357964945 ]
[ 24.2917980822 61.63032496 ][ 23.3053362936 61.8693756715 ]
[ 24.5204693851 62.6491467902 ][ 25.4106285876 59.8374257864 ]
[ 24.5201886616 62.6492971186 ][ 25.8119315965 67.1987592186 ]
[ 24.9807903199 63.4967174511 ][ 22.5730504516 68.5384920235 ]
[ 24.9809744074 63.4966189665 ][ 22.9291843696 67.5557110684 ]
[ 25.3323392912 64.5427058847 ][ 20.0885134529 67.4751812235 ]
[ 25.7295613621 65.3575517197 ][ 23.129884302 69.1576678971 ]
[ 25.7293392174 65.3576754526 ][ 25.2941258633 64.7476051153 ]
[ 25.7294395837 65.3576195486 ][ 26.3949778993 66.1988287441 ]
[ 26.1083974991 66.3333219353 ][ 28.4560446592 64.9932660681 ]
[ 26.1081958856 66.3334374711 ][ 24.1582289782 64.2996296672 ]
[ 26.4405552834 67.2595233738 ][ 29.8682984417 64.5970734289 ]
[ 26.4406897749 67.2594434412 ][ 31.2296776503 68.737176099 ]
[ 26.7075561181 68.226293641 ][ 25.3166415617 65.6288697573 ]
[ 26.7074216254 68.2263785273 ][ 26.1849584532 70.2255234073 ]
[ 27.1440730496 69.0782055889 ][ 25.1002563789 70.9728722501 ]
[ 27.5864771994 69.9782587805 ][ 26.4674550388 70.3980892148 ]
[ 27.5071962931 70.0436199275 ][ 28.7259440139 71.7808583721 ]
[ 27.5070816918 70.0436983464 ][ 24.0427690251 71.0202229661 ]
[ 27.8101584606 70.9831732275 ][ 23.555544575 67.8804380294 ]
[ 27.8102432465 70.9831100661 ][ 29.5469689396 68.2528797568 ]
[ 28.1408604042 71.965704865 ][ 22.713830917 69.1528926565 ]
[ 28.5601912799 72.9075383798 ][ 29.478955613 68.0080481854 ]
[ 28.4798971139 72.9456505868 ][ 30.6732219001 72.4246705418 ]
[ 38.3205020984 95.9270351774 ][ 30.5895809528 90.8803355689 ]
[ 38.3198046591 95.9272431672 ][ 40.9442209419 98.6637827626 ]
[ 38.5911737172 96.9124961255 ][ 37.7157734804 103.693508975 ]
[ 38.5913514293 96.9124430308 ][ 37.5829116042 97.156330507 ]
[ 38.5916525531 96.9123530664 ][ 37.1208625189 97.1092739908 ]
[ 38.590867658 96.9125875682 ][ 40.0167090662 98.6253646744 ]
[ 39.1516261031 98.8606614019 ][ 40.0210844489 98.4420029372 ]
[ 39.1518142714 98.8606050803 ][ 36.9675439172 99.9362601328 ]
[ 39.1521059329 98.8605177834 ][ 44.882484165 102.806787072 ]
[ 39.1513861889 98.8607332134 ][ 39.2192400894 97.1540225836 ]
[ 39.1505018029 98.8609979427 ][ 39.3122773961 104.178927069 ]
[ 39.1505817737 98.8609740036 ][ 42.385490488 102.952414226 ]
[ 39.150887545 98.8608824732 ][ 38.6087231834 104.374758832 ]
[ 39.1501631035 98.8610993336 ][ 37.8411831545 102.453489695 ]
[ 39.1493539917 98.861341557 ][ 37.9067526619 100.172933108 ]
[ 39.1493445835 98.8613443737 ][ 38.6650256244 99.5175894687 ]
[ 41.1443285525 103.412877202 ][ 39.512817775 104.560861396 ]
[ 41.1437168079 103.413049271 ][ 41.8693990119 104.847149804 ]
[ 41.447122101 104.388457332 ][ 43.6356859999 110.165506141 ]
[ 41.4471180558 104.388458466 ][ 47.9867978352 104.979598252 ]
[ 41.6895890436 105.348965248 ][ 41.6645392799 105.13121994 ]
[ 41.6890662565 105.349112284 ][ 44.3437444587 105.853711079 ]
[ 41.9769509585 106.363328054 ][ 41.4349496628 100.297164877 ]
[ 41.976775707 106.363377332 ][ 40.6608868519 107.290932644 ]
[ 41.9769509585 106.363328054 ][ 45.4052504626 109.412125633 ]
[ 41.97652045 106.363449108 ][ 42.2491947752 112.143643881 ]
[ 43.0533662469 108.082992246 ][ 44.0727476016 113.340571796 ]
[ 43.2892518074 109.061815232 ][ 45.290993658 113.236337702 ]
[ 43.2894680718 109.061758515 ][ 40.1127507858 110.198338121 ]
[ 43.2889448521 109.061895737 ][ 40.1661915227 107.41469718 ]
[ 43.494720019 110.072794473 ][ 42.8570491425 106.60450888 ]
[ 43.4947739008 110.072780228 ][ 42.4094128551 109.204439699 ]
[ 43.4949826932 110.07272503 ][ 45.8912651036 109.316955791 ]
[ 43.4945785793 110.072831867 ][ 45.7254287676 110.122581854 ]
[ 44.4412123899 111.833337958 ][ 47.8912950977 112.687699816 ]
[ 44.4410608184 111.833375277 ][ 43.2835644788 115.46754928 ]
[ 44.6494215941 112.807395885 ][ 42.6078348502 112.323498061 ]
[ 44.6489866427 112.807503519 ][ 42.2478905065 114.729399361 ]
[ 44.9405714365 113.808807697 ][ 37.7393222925 115.263484605 ]
[ 44.9405129915 113.808822056 ][ 47.9149023837 115.168940323 ]
[ 45.5392397068 114.598245867 ][ 47.78886453 124.639718327 ]
[ 45.7367757109 115.622405773 ][ 49.3288755261 111.143522805 ]
[ 45.7363589802 115.622501725 ][ 47.3275011461 117.735314477 ]
[ 45.736272387 115.622521665 ][ 41.637649431 117.358228978 ]
[ 45.7364915762 115.622471194 ][ 46.9938397611 113.488309969 ]
[ 46.328930705 116.426491859 ][ 46.0093178355 121.877645843 ]
[ 46.537746817 117.461974535 ][ 45.297102751 125.90890044 ]
[ 46.5377642243 117.461970842 ][ 42.4508579688 122.76177714 ]
[ 46.5379382974 117.461933914 ][ 44.4515246139 115.801596947 ]
[ 47.0554120778 118.308660277 ][ 48.6796305444 120.36726742 ]
[ 47.2761993921 119.360026212 ][ 46.2346801817 119.092323544 ]
[ 47.2760728047 119.360050826 ][ 51.7611838127 121.594273018 ]
[ 47.6864257371 120.237385783 ][ 51.5063800848 119.53237533 ]
[ 47.6861239114 120.237440473 ][ 51.6140660401 118.742788491 ]
[ 47.9387927941 121.173976038 ][ 48.5940130494 121.306762877 ]
[ 48.1238792995 121.091275353 ][ 41.6517967561 125.283972247 ]
[ 48.251448612 122.164690638 ][ 53.4019145316 126.849304536 ]
[ 48.5828278029 122.007684485 ][ 47.4374749221 121.810773291 ]
[ 48.7234755298 123.080205753 ][ 45.1299864955 119.426215981 ]
[ 49.0577376593 123.978550889 ][ 43.8423686391 121.894518977 ]
[ 49.2698124165 123.842098127 ][ 45.1296005348 121.608489699 ]
[ 49.269601822 123.842122756 ][ 48.1969340502 127.152716403 ]
[ 49.6103121229 124.833713698 ][ 53.3187847676 128.822769202 ]
[ 49.8483338909 125.826554149 ][ 50.2160717013 126.767610888 ]
[ 49.8484619983 125.82654272 ][ 48.3748852316 121.804363435 ]
[ 50.2854187944 126.67178488 ][ 52.8237176291 127.544854421 ]
[ 50.2852354648 126.671795547 ][ 51.2055994269 128.705866967 ]
[ 50.285106301 126.671803064 ][ 50.0430080596 125.553557784 ]
[ 50.6242372162 127.659569521 ][ 47.888554594 129.84751454 ]
[ 50.6240859544 127.659574331 ][ 46.9460227924 133.729556158 ]
[ 51.09402792 128.530969874 ][ 55.8650515455 129.189050947 ]
[ 51.0939252038 128.530968502 ][ 50.622706915 130.459471498 ]
[ 51.0940325889 128.530969936 ][ 46.0147411944 125.978778386 ]
[ 51.0938726785 128.530967801 ][ 51.3950427247 131.701255808 ]
[ 75.2708687161 190.032875941 ][ 77.7166749946 183.834088779 ]
[ 75.2698748851 190.033311697 ][ 74.7783297031 194.79009256 ]
[ 75.6850808051 190.910704482 ][ 80.2237853686 190.57993586 ]
[ 75.6851523116 190.910673182 ][ 76.0145514752 189.128490899 ]
[ 75.6844992206 190.910959054 ][ 76.6781637656 192.221398249 ]
[ 75.6835362773 190.911380578 ][ 74.5309042639 188.52214066 ]
[ 75.6838699694 190.911234503 ][ 74.9828096541 194.060902952 ]
[ 76.5035946761 192.77180004 ][ 75.1322552006 192.400326163 ]
[ 76.9043100131 193.678201121 ][ 75.9138288473 196.141287957 ]
[ 76.9035157598 193.678548619 ][ 78.79210644 202.21770863 ]
[ 77.2982780111 194.603249025 ][ 76.2135663067 191.426929365 ]
[ 77.2984424341 194.603177042 ][ 76.318609245 197.117148749 ]
[ 77.6992995858 195.487703004 ][ 81.7303325883 193.122201613 ]
[ 77.6985017299 195.488052004 ][ 83.812247156 195.161384111 ]
[ 77.6986663662 195.487979986 ][ 82.0856811145 197.448052366 ]
[ 77.6988647744 195.487893197 ][ 81.186278474 197.734619071 ]
[ 77.6983202082 195.488131408 ][ 79.1837892082 206.153358425 ]
[ 77.6974590412 195.488508131 ][ 80.6214148463 199.926287635 ]
[ 77.6976067898 195.488443496 ][ 78.6359751087 199.479330216 ]
[ 77.6979065092 195.48831238 ][ 79.8799151521 198.41987261 ]
[ 77.6973028501 195.48857646 ][ 79.9085965275 202.452141291 ]
[ 77.6966907528 195.488844244 ][ 81.63508547 204.043474804 ]
[ 77.6965050139 195.488925505 ][ 75.8091799108 204.5734929 ]
[ 77.6966569821 195.488859019 ][ 75.8672230567 201.273057952 ]
[ 77.6961673078 195.489073254 ][ 84.4512456259 203.584245603 ]
[ 77.6953610402 195.489426018 ][ 84.8535988777 203.060427501 ]
[ 80.014670608 202.132842005 ][ 82.7227360921 200.177640572 ]
[ 80.0148797968 202.132746205 ][ 76.3161251481 203.85179504 ]
[ 80.4239921547 203.068287208 ][ 78.1101586337 210.035393086 ]
[ 80.423292102 203.068608296 ][ 79.8547388762 204.093140701 ]
[ 80.8455297197 203.999783697 ][ 82.0167064242 207.036384568 ]
[ 80.8457125054 203.999699825 ][ 87.4861775024 203.648394911 ]
[ 81.2560284623 204.86128469 ][ 82.5294658491 206.138009056 ]
[ 81.2554107572 204.861567778 ][ 79.6396727583 203.441621705 ]
[ 81.6821424041 205.761805173 ][ 79.6831172271 202.287468184 ]
[ 81.6823042268 205.761731101 ][ 80.331857008 210.32805286 ]
[ 81.6819296379 205.761902566 ][ 82.6577188904 202.640803257 ]
[ 81.6812733645 205.762202987 ][ 83.1110232563 210.079157288 ]
[ 81.6813392911 205.762172807 ][ 84.5246005703 207.170054247 ]
[ 81.6814831314 205.76210696 ][ 82.6150930824 207.7048351 ]
[ 82.5246143538 208.664478608 ][ 79.2888244659 208.1497578 ]
[ 82.5241637393 208.664694732 ][ 79.1480446102 203.995875804 ]
[ 83.0018474082 209.588081381 ][ 87.4275494852 206.626455062 ]
[ 83.0019896812 209.588013375 ][ 82.6680152257 215.49121572 ]
[ 83.4542189664 210.469698564 ][ 83.6395600885 207.392390439 ]
[ 83.4538146774 210.469891206 ][ 85.9433479169 210.740588006 ]
[ 83.4537903228 210.469902811 ][ 85.4764019782 214.507019189 ]
[ 83.4539875958 210.46980881 ][ 83.5177909916 208.687884743 ]
[ 83.4536393243 210.469974764 ][ 83.7186619938 213.137748863 ]
[ 83.4532374762 210.470166257 ][ 84.7094434914 214.52429654 ]
[ 84.42967759 213.326851325 ][ 90.152891028 216.974184683 ]
[ 84.4298179478 213.326781365 ][ 85.2903613567 211.361879375 ]
[ 84.8902007478 214.199091564 ][ 88.6816575317 207.870691924 ]
[ 84.8898563223 214.199262715 ][ 86.3196763019 221.462160728 ]
[ 84.8898463679 214.199267661 ][ 81.8160407184 216.485728145 ]
[ 85.029742367 215.203276792 ][ 86.1996651284 215.862477687 ]
[ 85.5042144518 216.103744055 ][ 87.7579082388 223.778629482 ]
[ 85.5039216531 216.10389613 ][ 89.6461840657 219.836860789 ]
[ 85.8072527624 217.115319366 ][ 89.5256846686 217.476434218 ]
[ 85.8073907972 217.115245449 ][ 87.7161172366 211.739883382 ]
[ 86.2278658053 217.960222524 ][ 84.6788488186 218.610905329 ]
[ 86.2275742656 217.960379364 ][ 86.1586174636 220.421902758 ]
[ 86.5331696552 218.954387521 ][ 87.7883392959 218.867835685 ]
[ 86.5332864262 218.95432246 ][ 79.9528378138 217.655344328 ]
[ 87.0572604266 219.797401507 ][ 88.4348565577 219.785933146 ]
[ 86.8185223079 219.915859321 ][ 88.3803086585 217.227108395 ]
[ 87.3471357365 220.773218417 ][ 85.5778411039 220.740675177 ]
[ 87.3472286921 220.773164795 ][ 90.2092472741 221.516243354 ]
[ 87.6793557825 221.670611064 ][ 92.1606296665 220.275631174 ]
[ 87.5626376596 221.770844308 ][ 91.1445089689 226.850680138 ]
[ 87.9359863087 222.707794221 ][ 86.9491047658 222.573034102 ]
[ 87.936065413 222.707743499 ][ 92.8578171007 219.456438928 ]
[ 88.2675962653 223.61291226 ][ 92.30188185 223.216756571 ]
[ 88.2735297421 223.635394533 ][ 83.7815600925 219.036945654 ]
[ 88.6833201223 224.597248256 ][ 87.2295395157 221.643600764 ]
[ 88.6833757226 224.59720851 ][ 88.6405990101 227.104400281 ]
[ 88.9912202796 225.516470948 ][ 86.0634092589 225.490754206 ]
[ 88.9911163133 225.516552015 ][ 91.6235332499 218.150196646 ]
[ 89.3969480596 226.419650272 ][ 85.662865632 229.535922277 ]
[ 89.3969881176 226.419616369 ][ 86.9617356431 229.031470037 ]
[ 89.6833643449 227.3568329 ][ 89.1725771788 227.057086194 ]
[ 106.302082095 267.108657518 ][ 108.077404603 269.347111864 ]
[ 110.299207056 277.373528724 ][ 109.716860828 280.426847698 ]
[ 110.29899096 277.373594056 ][ 109.778570479 275.607177417 ]
[ 110.601404046 278.35979567 ][ 110.680811642 283.772850565 ]
[ 110.601484689 278.359771298 ][ 115.091776433 272.94623111 ]
[ 110.879983857 279.329527594 ][ 108.295285312 276.747664277 ]
[ 110.879425188 279.32969666 ][ 107.066078432 277.412864062 ]
[ 111.161793849 280.279502358 ][ 107.051224438 282.062226122 ]
[ 111.162176473 280.279386513 ][ 108.43012439 280.118048646 ]
[ 92.9073090103 219.236915904 ][ 111.10556624 283.592748889 ]
[ 92.9059025717 219.237338437 ][ 110.422201679 282.751308518 ]
[ 92.9033548585 219.238103897 ][ 113.814840237 287.734071701 ]
[ 92.9044039145 219.2377887 ][ 113.454905738 283.348474281 ]
[ 92.9043347458 219.237809481 ][ 111.887189305 282.254995345 ]
[ 92.9026747032 219.238308262 ][ 118.883980144 288.079726437 ]
[ 112.842774905 283.868749094 ][ 111.393380689 289.011682411 ]
[ 112.843176373 283.868634981 ][ 113.353157925 288.095550021 ]
[ 113.136903939 284.851397676 ][ 109.42978439 281.610274557 ]
[ 113.136373932 284.85154808 ][ 107.695124074 283.092087742 ]
[ 113.377978315 285.871945469 ][ 115.38481229 285.13459771 ]
[ 113.378229244 285.871873859 ][ 114.422629127 287.793478844 ]
[ 113.378257921 285.871865675 ][ 116.719869359 290.158657183 ]
[ 113.37785285 285.871981274 ][ 114.511001422 287.41835316 ]
[ 113.377135914 285.872185888 ][ 112.934075838 288.497665797 ]
[ 113.377300809 285.872138825 ][ 115.013126442 288.335039592 ]
[ 114.637956493 288.566380215 ][ 115.413069252 289.893074543 ]
[ 114.637470234 288.566510267 ][ 113.84557667 289.311157178 ]
[ 114.865747861 289.539914378 ][ 110.887450713 290.070693501 ]
[ 114.866084637 289.539823896 ][ 115.378326769 292.050618791 ]
[ 114.866084637 289.539823896 ][ 117.33629614 289.487048081 ]
[ 114.865728976 289.539919452 ][ 116.759967515 290.804188306 ]
[ 114.864979888 289.540120729 ][ 115.270285274 293.222248492 ]
[ 115.805542749 291.33504754 ][ 118.079832402 296.273495053 ]
[ 116.039746975 292.308649111 ][ 117.89397028 289.208379483 ]
[ 116.039406073 292.308734504 ][ 114.005686384 293.354721584 ]
[ 116.312758614 293.277601974 ][ 115.276606443 297.642141064 ]
[ 116.312755912 293.277602647 ][ 116.676633747 287.369815356 ]
[ 116.312858583 293.277577067 ][ 115.919056373 298.805124822 ]
[ 116.917698723 294.111172618 ][ 112.957340812 299.155756097 ]
[ 117.134297037 295.153681738 ][ 115.896800342 292.46395718 ]
[ 117.134339167 295.15367196 ][ 122.584954395 294.393504942 ]
[ 117.134381297 295.153662181 ][ 119.880649921 299.747800567 ]
[ 117.660369038 295.972034989 ][ 122.08942794 295.669459632 ]
[ 117.841577249 296.985647049 ][ 121.237829033 292.461434494 ]
[ 117.841735438 296.985612687 ][ 118.388371937 297.455677585 ]
[ 118.349531996 297.866715311 ][ 118.170297522 297.896107248 ]
[ 118.349247562 297.86677212 ][ 120.491894504 294.89639146 ]
[ 118.515547684 298.883190432 ][ 117.875426022 295.995054744 ]
[ 118.800563013 298.752689428 ][ 119.783142018 302.894953755 ]
[ 119.042729898 299.799371577 ][ 120.875078832 301.976423348 ]
[ 119.042464329 299.799419565 ][ 118.956041871 297.245949063 ]
[ 119.374622147 300.682637329 ][ 120.382624116 304.210985048 ]
[ 119.374667625 300.682629625 ][ 119.394491949 297.929565539 ]
[ 119.786091334 301.630745279 ][ 124.771086896 300.750549346 ]
[ 119.785850774 301.630781814 ][ 117.148984946 300.06193859 ]
[ 120.123910746 302.556704162 ][ 127.454235412 297.384684602 ]
[ 120.317720944 302.445172313 ][ 114.479562815 309.119181333 ]
[ 120.623481019 303.39460987 ][ 125.290784503 301.983803065 ]
[ 120.891831858 304.377991235 ][ 124.420743085 306.530423042 ]
[ 120.891678834 304.378005365 ][ 120.988409354 301.712371106 ]
[ 121.061916472 304.26958762 ][ 124.274731092 309.762986665 ]
[ 121.282171785 305.295622491 ][ 122.186300821 303.14893356 ]
[ 121.432232595 305.222925759 ][ 124.384243954 312.363239618 ]
[ 121.755433987 306.184955524 ][ 119.794385823 307.096891222 ]
[ 121.755432824 306.184955548 ][ 127.758949932 308.313601038 ]
[ 122.118035241 307.090119513 ][ 122.467549101 305.951233432 ]
[ 122.117882224 307.090116776 ][ 125.015779962 313.971228913 ]
[ 122.11770599 307.090113626 ][ 123.818660467 303.757944191 ]
Traceback (most recent call last):
  File "./vilma_position_vision_system.py", line 115, in <module>
    r.sleep()
  File "/opt/ros/hydro/lib/python2.7/dist-packages/rospy/timer.py", line 78, in sleep
    sleep(self.sleep_dur - elapsed)
  File "/opt/ros/hydro/lib/python2.7/dist-packages/rospy/timer.py", line 133, in sleep
    raise rospy.exceptions.ROSInterruptException("ROS shutdown request")
rospy.exceptions.ROSInterruptException: ROS shutdown request
